C:\Program Files (x86)\Microsoft Visual Studio\2019\Community\MSBuild\Microsoft\VC\v160\Microsoft.CppBuild.targets(513,5): warning MSB8028: The intermediate directory (x64\Debug\) contains files shared from another project (ExtractAudio.vcxproj).  This can lead to incorrect clean and rebuild behavior.
  64 bit Processing ..\..\include\BlackmagicRawAPI.idl
  BlackmagicRawAPI.idl
  64 bit Processing C:\Program Files (x86)\Windows Kits\10\Include\10.0.22000.0\um\unknwn.idl
  unknwn.idl
  64 bit Processing C:\Program Files (x86)\Windows Kits\10\Include\10.0.22000.0\shared\wtypes.idl
  wtypes.idl
  64 bit Processing C:\Program Files (x86)\Windows Kits\10\Include\10.0.22000.0\shared\wtypesbase.idl
  wtypesbase.idl
  64 bit Processing C:\Program Files (x86)\Windows Kits\10\Include\10.0.22000.0\shared\basetsd.h
  basetsd.h
  64 bit Processing C:\Program Files (x86)\Windows Kits\10\Include\10.0.22000.0\shared\guiddef.h
  guiddef.h
  64 bit Processing C:\Program Files (x86)\Windows Kits\10\Include\10.0.22000.0\um\oaidl.idl
  oaidl.idl
  64 bit Processing C:\Program Files (x86)\Windows Kits\10\Include\10.0.22000.0\um\objidl.idl
  objidl.idl
  64 bit Processing C:\Program Files (x86)\Windows Kits\10\Include\10.0.22000.0\um\oaidl.acf
  oaidl.acf
  BlackmagicRawAPIDispatch.cpp
  ExtractGyro.cpp
C:\Program Files (x86)\Blackmagic Design\Blackmagic RAW\Blackmagic RAW SDK\Win\Samples\ExtractAudio\ExtractGyro.cpp(114,22): warning C4018: '<': signed/unsigned mismatch
  Generating Code...
  BlackmagicRawAPI_i.c
  ExtractAudio.vcxproj -> C:\Program Files (x86)\Blackmagic Design\Blackmagic RAW\Blackmagic RAW SDK\Win\Samples\ExtractAudio\ExtractGyro.exe
