c:\program files (x86)\blackmagic design\blackmagic raw\blackmagic raw sdk\win\samples\extractaudio\x64\debug\vc142.pdb
c:\program files (x86)\blackmagic design\blackmagic raw\blackmagic raw sdk\win\samples\extractaudio\x64\debug\vc142.idb
c:\program files (x86)\blackmagic design\blackmagic raw\blackmagic raw sdk\win\samples\extractaudio\x64\debug\extractaccel.obj
c:\program files (x86)\blackmagic design\blackmagic raw\blackmagic raw sdk\win\samples\extractaudio\x64\debug\extractgyro.obj
c:\program files (x86)\blackmagic design\blackmagic raw\blackmagic raw sdk\win\samples\extractaudio\x64\debug\blackmagicrawapidispatch.obj
c:\program files (x86)\blackmagic design\blackmagic raw\blackmagic raw sdk\win\samples\extractaudio\x64\debug\blackmagicrawapi_i.obj
c:\program files (x86)\blackmagic design\blackmagic raw\blackmagic raw sdk\win\samples\extractaudio\generated\blackmagicrawapi.tlb
c:\program files (x86)\blackmagic design\blackmagic raw\blackmagic raw sdk\win\samples\extractaudio\generated\blackmagicrawapi_i.c
c:\program files (x86)\blackmagic design\blackmagic raw\blackmagic raw sdk\win\samples\extractaudio\generated\blackmagicrawapi.h
c:\program files (x86)\blackmagic design\blackmagic raw\blackmagic raw sdk\win\samples\extractaudio\extractgyro.pdb
c:\program files (x86)\blackmagic design\blackmagic raw\blackmagic raw sdk\win\samples\extractaudio\x64\debug\extractgyro.tlog\cl.command.1.tlog
c:\program files (x86)\blackmagic design\blackmagic raw\blackmagic raw sdk\win\samples\extractaudio\x64\debug\extractgyro.tlog\cl.read.1.tlog
c:\program files (x86)\blackmagic design\blackmagic raw\blackmagic raw sdk\win\samples\extractaudio\x64\debug\extractgyro.tlog\cl.write.1.tlog
c:\program files (x86)\blackmagic design\blackmagic raw\blackmagic raw sdk\win\samples\extractaudio\x64\debug\extractgyro.tlog\link-cvtres.read.1.tlog
c:\program files (x86)\blackmagic design\blackmagic raw\blackmagic raw sdk\win\samples\extractaudio\x64\debug\extractgyro.tlog\link-cvtres.write.1.tlog
c:\program files (x86)\blackmagic design\blackmagic raw\blackmagic raw sdk\win\samples\extractaudio\x64\debug\extractgyro.tlog\link-rc.read.1.tlog
c:\program files (x86)\blackmagic design\blackmagic raw\blackmagic raw sdk\win\samples\extractaudio\x64\debug\extractgyro.tlog\link-rc.write.1.tlog
c:\program files (x86)\blackmagic design\blackmagic raw\blackmagic raw sdk\win\samples\extractaudio\x64\debug\extractgyro.tlog\link.command.1.tlog
c:\program files (x86)\blackmagic design\blackmagic raw\blackmagic raw sdk\win\samples\extractaudio\x64\debug\extractgyro.tlog\link.read.1.tlog
c:\program files (x86)\blackmagic design\blackmagic raw\blackmagic raw sdk\win\samples\extractaudio\x64\debug\extractgyro.tlog\link.write.1.tlog
c:\program files (x86)\blackmagic design\blackmagic raw\blackmagic raw sdk\win\samples\extractaudio\x64\debug\extractgyro.tlog\midl.command.1.tlog
c:\program files (x86)\blackmagic design\blackmagic raw\blackmagic raw sdk\win\samples\extractaudio\x64\debug\extractgyro.tlog\midl.read.1.tlog
c:\program files (x86)\blackmagic design\blackmagic raw\blackmagic raw sdk\win\samples\extractaudio\x64\debug\extractgyro.tlog\midl.write.1.tlog
