c:\program files (x86)\blackmagic design\blackmagic raw\blackmagic raw sdk\win\samples\extractaudio\x64\debug\vc142.pdb
c:\program files (x86)\blackmagic design\blackmagic raw\blackmagic raw sdk\win\samples\extractaudio\x64\debug\vc142.idb
c:\program files (x86)\blackmagic design\blackmagic raw\blackmagic raw sdk\win\samples\extractaudio\x64\debug\extractaudio.obj
c:\program files (x86)\blackmagic design\blackmagic raw\blackmagic raw sdk\win\samples\extractaudio\x64\debug\blackmagicrawapidispatch.obj
c:\program files (x86)\blackmagic design\blackmagic raw\blackmagic raw sdk\win\samples\extractaudio\x64\debug\blackmagicrawapi_i.obj
c:\program files (x86)\blackmagic design\blackmagic raw\blackmagic raw sdk\win\samples\extractaudio\x64\debug\extractaudio.ilk
c:\program files (x86)\blackmagic design\blackmagic raw\blackmagic raw sdk\win\samples\extractaudio\extractaudio.exe
c:\program files (x86)\blackmagic design\blackmagic raw\blackmagic raw sdk\win\samples\extractaudio\extractaudio.pdb
c:\program files (x86)\blackmagic design\blackmagic raw\blackmagic raw sdk\win\samples\extractaudio\generated\blackmagicrawapi.tlb
c:\program files (x86)\blackmagic design\blackmagic raw\blackmagic raw sdk\win\samples\extractaudio\generated\blackmagicrawapi_i.c
c:\program files (x86)\blackmagic design\blackmagic raw\blackmagic raw sdk\win\samples\extractaudio\generated\blackmagicrawapi.h
c:\program files (x86)\blackmagic design\blackmagic raw\blackmagic raw sdk\win\samples\extractaudio\x64\debug\extractaudio.tlog\cl.command.1.tlog
c:\program files (x86)\blackmagic design\blackmagic raw\blackmagic raw sdk\win\samples\extractaudio\x64\debug\extractaudio.tlog\cl.read.1.tlog
c:\program files (x86)\blackmagic design\blackmagic raw\blackmagic raw sdk\win\samples\extractaudio\x64\debug\extractaudio.tlog\cl.write.1.tlog
c:\program files (x86)\blackmagic design\blackmagic raw\blackmagic raw sdk\win\samples\extractaudio\x64\debug\extractaudio.tlog\link.command.1.tlog
c:\program files (x86)\blackmagic design\blackmagic raw\blackmagic raw sdk\win\samples\extractaudio\x64\debug\extractaudio.tlog\link.read.1.tlog
c:\program files (x86)\blackmagic design\blackmagic raw\blackmagic raw sdk\win\samples\extractaudio\x64\debug\extractaudio.tlog\link.write.1.tlog
c:\program files (x86)\blackmagic design\blackmagic raw\blackmagic raw sdk\win\samples\extractaudio\x64\debug\extractaudio.tlog\midl.command.1.tlog
c:\program files (x86)\blackmagic design\blackmagic raw\blackmagic raw sdk\win\samples\extractaudio\x64\debug\extractaudio.tlog\midl.read.1.tlog
c:\program files (x86)\blackmagic design\blackmagic raw\blackmagic raw sdk\win\samples\extractaudio\x64\debug\extractaudio.tlog\midl.write.1.tlog
